<?xml version="1.0" encoding="UTF-8"?>
<!-- Generated by org.testng.reporters.JUnitXMLReporter -->
<testsuite ignored="2" hostname="DESKTOP-7G0THSI" failures="0" tests="2" name="Testrun-2" time="52.612" errors="0" timestamp="2023-03-31T11:36:07 IST">
  <testcase classname="allPomScript.Add_sup_add_prod_verify_Test" name="addSupAddPodAndVerify" time="22.505"/>
  <testcase classname="allPomScript.getTheAccouuntDetails" name="accounts" time="6.828"/>
  <testcase classname="com.GenericUtilities.BaseClass" name="@AfterSuite configAS" time="0.0">
    <ignored/>
  </testcase> <!-- @AfterSuite configAS -->
  <testcase classname="com.GenericUtilities.BaseClass" name="@BeforeSuite configBS" time="0.0">
    <ignored/>
  </testcase> <!-- @BeforeSuite configBS -->
</testsuite> <!-- Testrun-2 -->
