<?xml version="1.0" encoding="UTF-8"?>
<!-- Generated by org.testng.reporters.JUnitXMLReporter -->
<testsuite ignored="2" hostname="DESKTOP-7G0THSI" failures="0" tests="2" name="Testrun-1" time="43.601" errors="0" timestamp="2023-03-31T11:35:59 IST">
  <testcase classname="allPomScript.create_customer_test" name="create_cust" time="9.982"/>
  <testcase classname="allPomScript.P_Bill_for_new_cust_test" name="billingfornewcust" time="11.874"/>
  <testcase classname="com.GenericUtilities.BaseClass" name="@AfterSuite configAS" time="0.0">
    <ignored/>
  </testcase> <!-- @AfterSuite configAS -->
  <testcase classname="com.GenericUtilities.BaseClass" name="@BeforeSuite configBS" time="0.0">
    <ignored/>
  </testcase> <!-- @BeforeSuite configBS -->
</testsuite> <!-- Testrun-1 -->
